[14:26:37:849] [INFO] - org.springframework.boot.StartupInfoLogger.logStarting(StartupInfoLogger.java:48) - Starting VNewsApplication on xuantang-cun with PID 25251 (/home/xuantang/IdeaProjects/VNews-SpringBoot/target/classes started by xuantang in /home/xuantang/IdeaProjects/VNews-SpringBoot)
[14:26:37:852] [INFO] - org.springframework.boot.SpringApplication.logStartupProfileInfo(SpringApplication.java:593) - No active profile set, falling back to default profiles: default
[14:26:39:535] [INFO] - org.springframework.boot.StartupInfoLogger.logStarted(StartupInfoLogger.java:57) - Started VNewsApplication in 1.83 seconds (JVM running for 2.327)
[14:28:55:242] [INFO] - org.springframework.boot.StartupInfoLogger.logStarting(StartupInfoLogger.java:48) - Starting VNewsApplication on xuantang-cun with PID 25775 (/home/xuantang/IdeaProjects/VNews-SpringBoot/target/classes started by xuantang in /home/xuantang/IdeaProjects/VNews-SpringBoot)
[14:28:55:245] [INFO] - org.springframework.boot.SpringApplication.logStartupProfileInfo(SpringApplication.java:593) - No active profile set, falling back to default profiles: default
[14:28:56:773] [INFO] - org.springframework.boot.StartupInfoLogger.logStarted(StartupInfoLogger.java:57) - Started VNewsApplication in 1.692 seconds (JVM running for 2.365)
[14:29:42:086] [INFO] - com.mobine.vnews.service.UserService.register(UserService.java:40) - {"code":400,"message":"fail"}
[14:29:51:058] [INFO] - com.mobine.vnews.service.UserService.register(UserService.java:40) - {"code":400,"message":"fail"}
[14:29:57:110] [INFO] - com.mobine.vnews.service.UserService.register(UserService.java:40) - {"code":400,"message":"fail"}
[14:31:32:188] [INFO] - org.springframework.boot.StartupInfoLogger.logStarting(StartupInfoLogger.java:48) - Starting VNewsApplication on xuantang-cun with PID 26025 (/home/xuantang/IdeaProjects/VNews-SpringBoot/target/classes started by xuantang in /home/xuantang/IdeaProjects/VNews-SpringBoot)
[14:31:32:192] [INFO] - org.springframework.boot.SpringApplication.logStartupProfileInfo(SpringApplication.java:593) - No active profile set, falling back to default profiles: default
[14:31:33:887] [INFO] - org.springframework.boot.StartupInfoLogger.logStarted(StartupInfoLogger.java:57) - Started VNewsApplication in 1.853 seconds (JVM running for 2.342)
[14:31:36:876] [INFO] - com.mobine.vnews.service.UserService.register(UserService.java:40) - {"code":400,"message":"\n### Error updating database.  Cause: com.mysql.jdbc.exceptions.jdbc4.MySQLSyntaxErrorException: You have an error in your SQL syntax; check the manual that corresponds to your MySQL server version for the right syntax to use near '' at line 1\n### The error may involve com.mobine.vnews.mapper.UserMapper.addUser-Inline\n### The error occurred while setting parameters\n### SQL: INSERT INTO user (username, password, telephone) VALUES (?,?,?,#{telephone)\n### Cause: com.mysql.jdbc.exceptions.jdbc4.MySQLSyntaxErrorException: You have an error in your SQL syntax; check the manual that corresponds to your MySQL server version for the right syntax to use near '' at line 1\n; bad SQL grammar []; nested exception is com.mysql.jdbc.exceptions.jdbc4.MySQLSyntaxErrorException: You have an error in your SQL syntax; check the manual that corresponds to your MySQL server version for the right syntax to use near '' at line 1"}
[14:41:38:903] [INFO] - org.springframework.boot.StartupInfoLogger.logStarting(StartupInfoLogger.java:48) - Starting VNewsApplication on xuantang-cun with PID 26969 (/home/xuantang/IdeaProjects/VNews-SpringBoot/target/classes started by xuantang in /home/xuantang/IdeaProjects/VNews-SpringBoot)
[14:41:38:905] [INFO] - org.springframework.boot.SpringApplication.logStartupProfileInfo(SpringApplication.java:593) - No active profile set, falling back to default profiles: default
[14:41:40:435] [INFO] - org.springframework.boot.StartupInfoLogger.logStarted(StartupInfoLogger.java:57) - Started VNewsApplication in 1.673 seconds (JVM running for 2.159)
[14:42:10:684] [INFO] - com.mobine.vnews.service.UserService.register(UserService.java:45) - {"code":400,"message":"\n### Error updating database.  Cause: com.mysql.jdbc.exceptions.jdbc4.MySQLSyntaxErrorException: You have an error in your SQL syntax; check the manual that corresponds to your MySQL server version for the right syntax to use near '' at line 1\n### The error may involve com.mobine.vnews.mapper.UserMapper.addUser-Inline\n### The error occurred while setting parameters\n### SQL: INSERT INTO user (username, password, telephone) VALUES (?,?,?,#{telephone)\n### Cause: com.mysql.jdbc.exceptions.jdbc4.MySQLSyntaxErrorException: You have an error in your SQL syntax; check the manual that corresponds to your MySQL server version for the right syntax to use near '' at line 1\n; bad SQL grammar []; nested exception is com.mysql.jdbc.exceptions.jdbc4.MySQLSyntaxErrorException: You have an error in your SQL syntax; check the manual that corresponds to your MySQL server version for the right syntax to use near '' at line 1"}
[14:43:48:245] [INFO] - org.springframework.boot.StartupInfoLogger.logStarting(StartupInfoLogger.java:48) - Starting VNewsApplication on xuantang-cun with PID 27190 (/home/xuantang/IdeaProjects/VNews-SpringBoot/target/classes started by xuantang in /home/xuantang/IdeaProjects/VNews-SpringBoot)
[14:43:48:249] [INFO] - org.springframework.boot.SpringApplication.logStartupProfileInfo(SpringApplication.java:593) - No active profile set, falling back to default profiles: default
[14:43:49:863] [INFO] - org.springframework.boot.StartupInfoLogger.logStarted(StartupInfoLogger.java:57) - Started VNewsApplication in 1.774 seconds (JVM running for 2.26)
[14:43:55:180] [INFO] - com.mobine.vnews.service.UserService.register(UserService.java:46) - {"code":400,"message":"\n### Error updating database.  Cause: com.mysql.jdbc.exceptions.jdbc4.MySQLSyntaxErrorException: You have an error in your SQL syntax; check the manual that corresponds to your MySQL server version for the right syntax to use near '' at line 1\n### The error may involve com.mobine.vnews.mapper.UserMapper.addUser-Inline\n### The error occurred while setting parameters\n### SQL: INSERT INTO user (username, password, telephone) VALUES (?,?,?,#{telephone)\n### Cause: com.mysql.jdbc.exceptions.jdbc4.MySQLSyntaxErrorException: You have an error in your SQL syntax; check the manual that corresponds to your MySQL server version for the right syntax to use near '' at line 1\n; bad SQL grammar []; nested exception is com.mysql.jdbc.exceptions.jdbc4.MySQLSyntaxErrorException: You have an error in your SQL syntax; check the manual that corresponds to your MySQL server version for the right syntax to use near '' at line 1"}
[14:44:29:680] [INFO] - org.springframework.boot.StartupInfoLogger.logStarting(StartupInfoLogger.java:48) - Starting VNewsApplication on xuantang-cun with PID 27333 (/home/xuantang/IdeaProjects/VNews-SpringBoot/target/classes started by xuantang in /home/xuantang/IdeaProjects/VNews-SpringBoot)
[14:44:29:684] [INFO] - org.springframework.boot.SpringApplication.logStartupProfileInfo(SpringApplication.java:593) - No active profile set, falling back to default profiles: default
[14:44:31:208] [INFO] - org.springframework.boot.StartupInfoLogger.logStarted(StartupInfoLogger.java:57) - Started VNewsApplication in 1.694 seconds (JVM running for 2.193)
[14:44:35:403] [INFO] - com.mobine.vnews.service.UserService.register(UserService.java:46) - {"code":400,"message":"\n### Error updating database.  Cause: com.mysql.jdbc.exceptions.jdbc4.MySQLSyntaxErrorException: You have an error in your SQL syntax; check the manual that corresponds to your MySQL server version for the right syntax to use near '' at line 1\n### The error may involve com.mobine.vnews.mapper.UserMapper.addUser-Inline\n### The error occurred while setting parameters\n### SQL: INSERT INTO user (username, password, telephone) VALUES (?,?,?,?\n### Cause: com.mysql.jdbc.exceptions.jdbc4.MySQLSyntaxErrorException: You have an error in your SQL syntax; check the manual that corresponds to your MySQL server version for the right syntax to use near '' at line 1\n; bad SQL grammar []; nested exception is com.mysql.jdbc.exceptions.jdbc4.MySQLSyntaxErrorException: You have an error in your SQL syntax; check the manual that corresponds to your MySQL server version for the right syntax to use near '' at line 1"}
[14:45:23:840] [INFO] - org.springframework.boot.StartupInfoLogger.logStarting(StartupInfoLogger.java:48) - Starting VNewsApplication on xuantang-cun with PID 27540 (/home/xuantang/IdeaProjects/VNews-SpringBoot/target/classes started by xuantang in /home/xuantang/IdeaProjects/VNews-SpringBoot)
[14:45:23:843] [INFO] - org.springframework.boot.SpringApplication.logStartupProfileInfo(SpringApplication.java:593) - No active profile set, falling back to default profiles: default
[14:45:25:452] [INFO] - org.springframework.boot.StartupInfoLogger.logStarted(StartupInfoLogger.java:57) - Started VNewsApplication in 1.755 seconds (JVM running for 2.248)
[14:45:28:422] [INFO] - com.mobine.vnews.service.UserService.register(UserService.java:37) - 1
[14:45:28:426] [INFO] - com.mobine.vnews.service.UserService.register(UserService.java:46) - {"code":200,"message":"success"}
[21:55:18:923] [INFO] - org.springframework.boot.StartupInfoLogger.logStarting(StartupInfoLogger.java:48) - Starting VNewsApplication on xuantang-cun with PID 31338 (/home/xuantang/IdeaProjects/VNews-SpringBoot/target/classes started by xuantang in /home/xuantang/IdeaProjects/VNews-SpringBoot)
[21:55:19:004] [INFO] - org.springframework.boot.SpringApplication.logStartupProfileInfo(SpringApplication.java:593) - No active profile set, falling back to default profiles: default
[21:55:20:658] [INFO] - org.springframework.boot.StartupInfoLogger.logStarted(StartupInfoLogger.java:57) - Started VNewsApplication in 2.218 seconds (JVM running for 2.927)
[22:19:37:898] [INFO] - org.springframework.boot.StartupInfoLogger.logStarting(StartupInfoLogger.java:48) - Starting VNewsApplication on xuantang-cun with PID 2481 (/home/xuantang/IdeaProjects/VNews-SpringBoot/target/classes started by xuantang in /home/xuantang/IdeaProjects/VNews-SpringBoot)
[22:19:37:902] [INFO] - org.springframework.boot.SpringApplication.logStartupProfileInfo(SpringApplication.java:593) - No active profile set, falling back to default profiles: default
[22:19:39:564] [INFO] - org.springframework.boot.StartupInfoLogger.logStarted(StartupInfoLogger.java:57) - Started VNewsApplication in 1.829 seconds (JVM running for 2.363)
[22:21:02:396] [INFO] - org.springframework.boot.StartupInfoLogger.logStarting(StartupInfoLogger.java:48) - Starting VNewsApplication on xuantang-cun with PID 2697 (/home/xuantang/IdeaProjects/VNews-SpringBoot/target/classes started by xuantang in /home/xuantang/IdeaProjects/VNews-SpringBoot)
[22:21:02:399] [INFO] - org.springframework.boot.SpringApplication.logStartupProfileInfo(SpringApplication.java:593) - No active profile set, falling back to default profiles: default
[22:21:04:072] [INFO] - org.springframework.boot.StartupInfoLogger.logStarted(StartupInfoLogger.java:57) - Started VNewsApplication in 1.827 seconds (JVM running for 2.392)
[22:21:39:377] [INFO] - org.springframework.boot.StartupInfoLogger.logStarting(StartupInfoLogger.java:48) - Starting VNewsApplication on xuantang-cun with PID 2877 (/home/xuantang/IdeaProjects/VNews-SpringBoot/target/classes started by xuantang in /home/xuantang/IdeaProjects/VNews-SpringBoot)
[22:21:39:380] [INFO] - org.springframework.boot.SpringApplication.logStartupProfileInfo(SpringApplication.java:593) - No active profile set, falling back to default profiles: default
[22:21:41:050] [INFO] - org.springframework.boot.StartupInfoLogger.logStarted(StartupInfoLogger.java:57) - Started VNewsApplication in 1.811 seconds (JVM running for 2.326)
[22:23:52:536] [INFO] - org.springframework.boot.StartupInfoLogger.logStarting(StartupInfoLogger.java:48) - Starting VNewsApplication on xuantang-cun with PID 3368 (/home/xuantang/IdeaProjects/VNews-SpringBoot/target/classes started by xuantang in /home/xuantang/IdeaProjects/VNews-SpringBoot)
[22:23:52:539] [INFO] - org.springframework.boot.SpringApplication.logStartupProfileInfo(SpringApplication.java:593) - No active profile set, falling back to default profiles: default
[22:23:54:161] [INFO] - org.springframework.boot.StartupInfoLogger.logStarted(StartupInfoLogger.java:57) - Started VNewsApplication in 1.78 seconds (JVM running for 2.307)
[22:31:50:915] [INFO] - org.springframework.boot.StartupInfoLogger.logStarting(StartupInfoLogger.java:48) - Starting VNewsApplication on xuantang-cun with PID 3937 (/home/xuantang/IdeaProjects/VNews-SpringBoot/target/classes started by xuantang in /home/xuantang/IdeaProjects/VNews-SpringBoot)
[22:31:50:919] [INFO] - org.springframework.boot.SpringApplication.logStartupProfileInfo(SpringApplication.java:593) - No active profile set, falling back to default profiles: default
[22:31:52:524] [INFO] - org.springframework.boot.StartupInfoLogger.logStarted(StartupInfoLogger.java:57) - Started VNewsApplication in 1.759 seconds (JVM running for 2.287)
[22:35:56:855] [INFO] - org.springframework.boot.StartupInfoLogger.logStarting(StartupInfoLogger.java:48) - Starting VNewsApplication on xuantang-cun with PID 4242 (/home/xuantang/IdeaProjects/VNews-SpringBoot/target/classes started by xuantang in /home/xuantang/IdeaProjects/VNews-SpringBoot)
[22:35:56:858] [INFO] - org.springframework.boot.SpringApplication.logStartupProfileInfo(SpringApplication.java:593) - No active profile set, falling back to default profiles: default
[22:35:58:549] [INFO] - org.springframework.boot.StartupInfoLogger.logStarted(StartupInfoLogger.java:57) - Started VNewsApplication in 1.857 seconds (JVM running for 2.384)
[22:37:56:683] [INFO] - org.springframework.boot.StartupInfoLogger.logStarting(StartupInfoLogger.java:48) - Starting VNewsApplication on xuantang-cun with PID 4486 (/home/xuantang/IdeaProjects/VNews-SpringBoot/target/classes started by xuantang in /home/xuantang/IdeaProjects/VNews-SpringBoot)
[22:37:56:687] [INFO] - org.springframework.boot.SpringApplication.logStartupProfileInfo(SpringApplication.java:593) - No active profile set, falling back to default profiles: default
[22:37:58:331] [INFO] - org.springframework.boot.StartupInfoLogger.logStarted(StartupInfoLogger.java:57) - Started VNewsApplication in 1.799 seconds (JVM running for 2.291)
[22:40:03:990] [INFO] - org.springframework.boot.StartupInfoLogger.logStarting(StartupInfoLogger.java:48) - Starting VNewsApplication on xuantang-cun with PID 4767 (/home/xuantang/IdeaProjects/VNews-SpringBoot/target/classes started by xuantang in /home/xuantang/IdeaProjects/VNews-SpringBoot)
[22:40:04:008] [INFO] - org.springframework.boot.SpringApplication.logStartupProfileInfo(SpringApplication.java:593) - No active profile set, falling back to default profiles: default
[22:40:05:979] [INFO] - org.springframework.boot.StartupInfoLogger.logStarted(StartupInfoLogger.java:57) - Started VNewsApplication in 2.195 seconds (JVM running for 2.806)
[22:40:09:978] [INFO] - org.springframework.boot.StartupInfoLogger.logStarting(StartupInfoLogger.java:48) - Starting VNewsApplication on xuantang-cun with PID 4883 (/home/xuantang/IdeaProjects/VNews-SpringBoot/target/classes started by xuantang in /home/xuantang/IdeaProjects/VNews-SpringBoot)
[22:40:09:982] [INFO] - org.springframework.boot.SpringApplication.logStartupProfileInfo(SpringApplication.java:593) - No active profile set, falling back to default profiles: default
[22:40:11:576] [INFO] - org.springframework.boot.StartupInfoLogger.logStarted(StartupInfoLogger.java:57) - Started VNewsApplication in 1.749 seconds (JVM running for 2.455)
[22:42:27:444] [INFO] - org.springframework.boot.StartupInfoLogger.logStarting(StartupInfoLogger.java:48) - Starting VNewsApplication on xuantang-cun with PID 5253 (/home/xuantang/IdeaProjects/VNews-SpringBoot/target/classes started by xuantang in /home/xuantang/IdeaProjects/VNews-SpringBoot)
[22:42:27:448] [INFO] - org.springframework.boot.SpringApplication.logStartupProfileInfo(SpringApplication.java:593) - No active profile set, falling back to default profiles: default
[22:42:29:272] [INFO] - org.springframework.boot.StartupInfoLogger.logStarted(StartupInfoLogger.java:57) - Started VNewsApplication in 1.989 seconds (JVM running for 2.514)
[22:48:06:311] [INFO] - org.springframework.boot.StartupInfoLogger.logStarting(StartupInfoLogger.java:48) - Starting VNewsApplication on xuantang-cun with PID 5902 (/home/xuantang/IdeaProjects/VNews-SpringBoot/target/classes started by xuantang in /home/xuantang/IdeaProjects/VNews-SpringBoot)
[22:48:06:314] [INFO] - org.springframework.boot.SpringApplication.logStartupProfileInfo(SpringApplication.java:593) - No active profile set, falling back to default profiles: default
[22:48:07:950] [INFO] - org.springframework.boot.StartupInfoLogger.logStarted(StartupInfoLogger.java:57) - Started VNewsApplication in 1.794 seconds (JVM running for 2.276)
[22:49:49:849] [INFO] - org.springframework.boot.StartupInfoLogger.logStarting(StartupInfoLogger.java:48) - Starting VNewsApplication on xuantang-cun with PID 6187 (/home/xuantang/IdeaProjects/VNews-SpringBoot/target/classes started by xuantang in /home/xuantang/IdeaProjects/VNews-SpringBoot)
[22:49:49:853] [INFO] - org.springframework.boot.SpringApplication.logStartupProfileInfo(SpringApplication.java:593) - No active profile set, falling back to default profiles: default
[22:49:51:558] [INFO] - org.springframework.boot.StartupInfoLogger.logStarted(StartupInfoLogger.java:57) - Started VNewsApplication in 1.877 seconds (JVM running for 2.387)
[22:51:18:119] [INFO] - org.springframework.boot.StartupInfoLogger.logStarting(StartupInfoLogger.java:48) - Starting VNewsApplication on xuantang-cun with PID 6427 (/home/xuantang/IdeaProjects/VNews-SpringBoot/target/classes started by xuantang in /home/xuantang/IdeaProjects/VNews-SpringBoot)
[22:51:18:123] [INFO] - org.springframework.boot.SpringApplication.logStartupProfileInfo(SpringApplication.java:593) - No active profile set, falling back to default profiles: default
[22:51:19:816] [INFO] - org.springframework.boot.StartupInfoLogger.logStarted(StartupInfoLogger.java:57) - Started VNewsApplication in 1.855 seconds (JVM running for 2.364)
[22:53:07:545] [INFO] - org.springframework.boot.StartupInfoLogger.logStarting(StartupInfoLogger.java:48) - Starting VNewsApplication on xuantang-cun with PID 6643 (/home/xuantang/IdeaProjects/VNews-SpringBoot/target/classes started by xuantang in /home/xuantang/IdeaProjects/VNews-SpringBoot)
[22:53:07:549] [INFO] - org.springframework.boot.SpringApplication.logStartupProfileInfo(SpringApplication.java:593) - No active profile set, falling back to default profiles: default
[22:53:09:193] [INFO] - org.springframework.boot.StartupInfoLogger.logStarted(StartupInfoLogger.java:57) - Started VNewsApplication in 1.794 seconds (JVM running for 2.284)
[22:56:53:884] [INFO] - org.springframework.boot.StartupInfoLogger.logStarting(StartupInfoLogger.java:48) - Starting VNewsApplication on xuantang-cun with PID 6933 (/home/xuantang/IdeaProjects/VNews-SpringBoot/target/classes started by xuantang in /home/xuantang/IdeaProjects/VNews-SpringBoot)
[22:56:53:889] [INFO] - org.springframework.boot.SpringApplication.logStartupProfileInfo(SpringApplication.java:593) - No active profile set, falling back to default profiles: default
[22:56:55:513] [INFO] - org.springframework.boot.StartupInfoLogger.logStarted(StartupInfoLogger.java:57) - Started VNewsApplication in 1.81 seconds (JVM running for 2.321)
[22:58:08:978] [INFO] - org.springframework.boot.StartupInfoLogger.logStarting(StartupInfoLogger.java:48) - Starting VNewsApplication on xuantang-cun with PID 7143 (/home/xuantang/IdeaProjects/VNews-SpringBoot/target/classes started by xuantang in /home/xuantang/IdeaProjects/VNews-SpringBoot)
[22:58:08:982] [INFO] - org.springframework.boot.SpringApplication.logStartupProfileInfo(SpringApplication.java:593) - No active profile set, falling back to default profiles: default
[22:58:10:618] [INFO] - org.springframework.boot.StartupInfoLogger.logStarted(StartupInfoLogger.java:57) - Started VNewsApplication in 1.832 seconds (JVM running for 2.366)
[23:00:03:538] [INFO] - org.springframework.boot.StartupInfoLogger.logStarting(StartupInfoLogger.java:48) - Starting VNewsApplication on xuantang-cun with PID 7388 (/home/xuantang/IdeaProjects/VNews-SpringBoot/target/classes started by xuantang in /home/xuantang/IdeaProjects/VNews-SpringBoot)
[23:00:03:542] [INFO] - org.springframework.boot.SpringApplication.logStartupProfileInfo(SpringApplication.java:593) - No active profile set, falling back to default profiles: default
[23:00:05:201] [INFO] - org.springframework.boot.StartupInfoLogger.logStarted(StartupInfoLogger.java:57) - Started VNewsApplication in 1.832 seconds (JVM running for 2.335)
[23:02:50:295] [INFO] - org.springframework.boot.StartupInfoLogger.logStarting(StartupInfoLogger.java:48) - Starting VNewsApplication on xuantang-cun with PID 7587 (/home/xuantang/IdeaProjects/VNews-SpringBoot/target/classes started by xuantang in /home/xuantang/IdeaProjects/VNews-SpringBoot)
[23:02:50:298] [INFO] - org.springframework.boot.SpringApplication.logStartupProfileInfo(SpringApplication.java:593) - No active profile set, falling back to default profiles: default
[23:02:52:079] [INFO] - org.springframework.boot.StartupInfoLogger.logStarted(StartupInfoLogger.java:57) - Started VNewsApplication in 1.945 seconds (JVM running for 2.448)
[23:08:01:074] [INFO] - org.springframework.boot.StartupInfoLogger.logStarting(StartupInfoLogger.java:48) - Starting VNewsApplication on xuantang-cun with PID 8036 (/home/xuantang/IdeaProjects/VNews-SpringBoot/target/classes started by xuantang in /home/xuantang/IdeaProjects/VNews-SpringBoot)
[23:08:01:078] [INFO] - org.springframework.boot.SpringApplication.logStartupProfileInfo(SpringApplication.java:593) - No active profile set, falling back to default profiles: default
[23:08:02:718] [INFO] - org.springframework.boot.StartupInfoLogger.logStarted(StartupInfoLogger.java:57) - Started VNewsApplication in 1.789 seconds (JVM running for 2.301)
[23:19:33:578] [INFO] - org.springframework.boot.StartupInfoLogger.logStarting(StartupInfoLogger.java:48) - Starting VNewsApplication on xuantang-cun with PID 9265 (/home/xuantang/IdeaProjects/VNews-SpringBoot/target/classes started by xuantang in /home/xuantang/IdeaProjects/VNews-SpringBoot)
[23:19:33:581] [INFO] - org.springframework.boot.SpringApplication.logStartupProfileInfo(SpringApplication.java:593) - No active profile set, falling back to default profiles: default
[23:19:35:223] [INFO] - org.springframework.boot.StartupInfoLogger.logStarted(StartupInfoLogger.java:57) - Started VNewsApplication in 1.8 seconds (JVM running for 2.329)
[23:34:05:828] [INFO] - org.springframework.boot.StartupInfoLogger.logStarting(StartupInfoLogger.java:48) - Starting VNewsApplication on xuantang-cun with PID 10405 (/home/xuantang/IdeaProjects/VNews-SpringBoot/target/classes started by xuantang in /home/xuantang/IdeaProjects/VNews-SpringBoot)
[23:34:05:831] [INFO] - org.springframework.boot.SpringApplication.logStartupProfileInfo(SpringApplication.java:593) - No active profile set, falling back to default profiles: default
[23:34:07:498] [INFO] - org.springframework.boot.StartupInfoLogger.logStarted(StartupInfoLogger.java:57) - Started VNewsApplication in 1.842 seconds (JVM running for 2.364)
[23:36:09:317] [INFO] - org.springframework.boot.StartupInfoLogger.logStarting(StartupInfoLogger.java:48) - Starting VNewsApplication on xuantang-cun with PID 10650 (/home/xuantang/IdeaProjects/VNews-SpringBoot/target/classes started by xuantang in /home/xuantang/IdeaProjects/VNews-SpringBoot)
[23:36:09:321] [INFO] - org.springframework.boot.SpringApplication.logStartupProfileInfo(SpringApplication.java:593) - No active profile set, falling back to default profiles: default
[23:36:10:929] [INFO] - org.springframework.boot.StartupInfoLogger.logStarted(StartupInfoLogger.java:57) - Started VNewsApplication in 1.768 seconds (JVM running for 2.275)
[23:36:41:950] [INFO] - org.springframework.boot.StartupInfoLogger.logStarting(StartupInfoLogger.java:48) - Starting VNewsApplication on xuantang-cun with PID 10825 (/home/xuantang/IdeaProjects/VNews-SpringBoot/target/classes started by xuantang in /home/xuantang/IdeaProjects/VNews-SpringBoot)
[23:36:41:954] [INFO] - org.springframework.boot.SpringApplication.logStartupProfileInfo(SpringApplication.java:593) - No active profile set, falling back to default profiles: default
[23:36:43:598] [INFO] - org.springframework.boot.StartupInfoLogger.logStarted(StartupInfoLogger.java:57) - Started VNewsApplication in 1.8 seconds (JVM running for 2.33)
[23:38:54:493] [INFO] - org.springframework.boot.StartupInfoLogger.logStarting(StartupInfoLogger.java:48) - Starting VNewsApplication on xuantang-cun with PID 11097 (/home/xuantang/IdeaProjects/VNews-SpringBoot/target/classes started by xuantang in /home/xuantang/IdeaProjects/VNews-SpringBoot)
[23:38:54:496] [INFO] - org.springframework.boot.SpringApplication.logStartupProfileInfo(SpringApplication.java:593) - No active profile set, falling back to default profiles: default
[23:38:56:119] [INFO] - org.springframework.boot.StartupInfoLogger.logStarted(StartupInfoLogger.java:57) - Started VNewsApplication in 1.781 seconds (JVM running for 2.293)
[23:39:36:376] [INFO] - org.springframework.boot.StartupInfoLogger.logStarting(StartupInfoLogger.java:48) - Starting VNewsApplication on xuantang-cun with PID 11280 (/home/xuantang/IdeaProjects/VNews-SpringBoot/target/classes started by xuantang in /home/xuantang/IdeaProjects/VNews-SpringBoot)
[23:39:36:379] [INFO] - org.springframework.boot.SpringApplication.logStartupProfileInfo(SpringApplication.java:593) - No active profile set, falling back to default profiles: default
[23:39:38:044] [INFO] - org.springframework.boot.StartupInfoLogger.logStarted(StartupInfoLogger.java:57) - Started VNewsApplication in 1.824 seconds (JVM running for 2.42)
[23:40:40:436] [INFO] - org.springframework.boot.StartupInfoLogger.logStarting(StartupInfoLogger.java:48) - Starting VNewsApplication on xuantang-cun with PID 11473 (/home/xuantang/IdeaProjects/VNews-SpringBoot/target/classes started by xuantang in /home/xuantang/IdeaProjects/VNews-SpringBoot)
[23:40:40:440] [INFO] - org.springframework.boot.SpringApplication.logStartupProfileInfo(SpringApplication.java:593) - No active profile set, falling back to default profiles: default
[23:40:42:068] [INFO] - org.springframework.boot.StartupInfoLogger.logStarted(StartupInfoLogger.java:57) - Started VNewsApplication in 1.797 seconds (JVM running for 2.313)
[23:48:27:610] [INFO] - org.springframework.boot.StartupInfoLogger.logStarting(StartupInfoLogger.java:48) - Starting VNewsApplication on xuantang-cun with PID 12261 (/home/xuantang/IdeaProjects/VNews-SpringBoot/target/classes started by xuantang in /home/xuantang/IdeaProjects/VNews-SpringBoot)
[23:48:27:614] [INFO] - org.springframework.boot.SpringApplication.logStartupProfileInfo(SpringApplication.java:593) - No active profile set, falling back to default profiles: default
[23:48:29:269] [INFO] - org.springframework.boot.StartupInfoLogger.logStarted(StartupInfoLogger.java:57) - Started VNewsApplication in 1.791 seconds (JVM running for 2.293)
[23:49:37:187] [INFO] - org.springframework.boot.StartupInfoLogger.logStarting(StartupInfoLogger.java:48) - Starting VNewsApplication on xuantang-cun with PID 12572 (/home/xuantang/IdeaProjects/VNews-SpringBoot/target/classes started by xuantang in /home/xuantang/IdeaProjects/VNews-SpringBoot)
[23:49:37:191] [INFO] - org.springframework.boot.SpringApplication.logStartupProfileInfo(SpringApplication.java:593) - No active profile set, falling back to default profiles: default
[23:49:38:877] [INFO] - org.springframework.boot.StartupInfoLogger.logStarted(StartupInfoLogger.java:57) - Started VNewsApplication in 1.85 seconds (JVM running for 2.363)
[23:54:08:591] [INFO] - org.springframework.boot.StartupInfoLogger.logStarting(StartupInfoLogger.java:48) - Starting VNewsApplication on xuantang-cun with PID 13014 (/home/xuantang/IdeaProjects/VNews-SpringBoot/target/classes started by xuantang in /home/xuantang/IdeaProjects/VNews-SpringBoot)
[23:54:08:594] [INFO] - org.springframework.boot.SpringApplication.logStartupProfileInfo(SpringApplication.java:593) - No active profile set, falling back to default profiles: default
[23:54:10:219] [INFO] - org.springframework.boot.StartupInfoLogger.logStarted(StartupInfoLogger.java:57) - Started VNewsApplication in 1.789 seconds (JVM running for 2.311)
[00:07:08:764] [INFO] - org.springframework.boot.StartupInfoLogger.logStarting(StartupInfoLogger.java:48) - Starting VNewsApplication on xuantang-cun with PID 14304 (/home/xuantang/IdeaProjects/VNews-SpringBoot/target/classes started by xuantang in /home/xuantang/IdeaProjects/VNews-SpringBoot)
[00:07:08:768] [INFO] - org.springframework.boot.SpringApplication.logStartupProfileInfo(SpringApplication.java:593) - No active profile set, falling back to default profiles: default
[00:07:10:527] [INFO] - org.springframework.boot.StartupInfoLogger.logStarted(StartupInfoLogger.java:57) - Started VNewsApplication in 1.9 seconds (JVM running for 2.413)
[00:13:20:852] [INFO] - org.springframework.boot.StartupInfoLogger.logStarting(StartupInfoLogger.java:48) - Starting VNewsApplication on xuantang-cun with PID 14847 (/home/xuantang/IdeaProjects/VNews-SpringBoot/target/classes started by xuantang in /home/xuantang/IdeaProjects/VNews-SpringBoot)
[00:13:20:855] [INFO] - org.springframework.boot.SpringApplication.logStartupProfileInfo(SpringApplication.java:593) - No active profile set, falling back to default profiles: default
[00:13:22:419] [INFO] - org.springframework.boot.StartupInfoLogger.logStarted(StartupInfoLogger.java:57) - Started VNewsApplication in 1.749 seconds (JVM running for 2.264)
[00:14:01:257] [INFO] - org.springframework.boot.StartupInfoLogger.logStarting(StartupInfoLogger.java:48) - Starting VNewsApplication on xuantang-cun with PID 15093 (/home/xuantang/IdeaProjects/VNews-SpringBoot/target/classes started by xuantang in /home/xuantang/IdeaProjects/VNews-SpringBoot)
[00:14:01:260] [INFO] - org.springframework.boot.SpringApplication.logStartupProfileInfo(SpringApplication.java:593) - No active profile set, falling back to default profiles: default
[00:14:02:860] [INFO] - org.springframework.boot.StartupInfoLogger.logStarted(StartupInfoLogger.java:57) - Started VNewsApplication in 1.766 seconds (JVM running for 2.283)
[00:26:07:350] [INFO] - org.springframework.boot.StartupInfoLogger.logStarting(StartupInfoLogger.java:48) - Starting VNewsApplication on xuantang-cun with PID 16155 (/home/xuantang/IdeaProjects/VNews-SpringBoot/target/classes started by xuantang in /home/xuantang/IdeaProjects/VNews-SpringBoot)
[00:26:07:353] [INFO] - org.springframework.boot.SpringApplication.logStartupProfileInfo(SpringApplication.java:593) - No active profile set, falling back to default profiles: default
[00:26:08:991] [INFO] - org.springframework.boot.StartupInfoLogger.logStarted(StartupInfoLogger.java:57) - Started VNewsApplication in 1.779 seconds (JVM running for 2.322)
[04:30:06:531] [INFO] - org.springframework.boot.StartupInfoLogger.logStarting(StartupInfoLogger.java:48) - Starting VNewsApplication on DESKTOP-THKB929 with PID 7840 (C:\Users\123\Desktop\VNews-SpringBoot\VNews-SpringBoot\target\classes started by 123 in C:\Users\123\Desktop\VNews-SpringBoot\VNews-SpringBoot)
[04:30:06:531] [INFO] - org.springframework.boot.SpringApplication.logStartupProfileInfo(SpringApplication.java:593) - No active profile set, falling back to default profiles: default
[04:30:08:810] [INFO] - org.springframework.boot.StartupInfoLogger.logStarted(StartupInfoLogger.java:57) - Started VNewsApplication in 2.514 seconds (JVM running for 3.813)
[04:34:04:835] [INFO] - org.springframework.boot.StartupInfoLogger.logStarting(StartupInfoLogger.java:48) - Starting VNewsApplication on DESKTOP-THKB929 with PID 13852 (C:\Users\123\Desktop\VNews-SpringBoot\target\classes started by 123 in C:\Users\123\Desktop\VNews-SpringBoot)
[04:34:04:835] [INFO] - org.springframework.boot.SpringApplication.logStartupProfileInfo(SpringApplication.java:593) - No active profile set, falling back to default profiles: default
[04:34:06:960] [INFO] - org.springframework.boot.StartupInfoLogger.logStarted(StartupInfoLogger.java:57) - Started VNewsApplication in 2.329 seconds (JVM running for 3.387)
[13:55:04:405] [INFO] - org.springframework.boot.StartupInfoLogger.logStarting(StartupInfoLogger.java:48) - Starting VNewsApplication on DESKTOP-THKB929 with PID 195312 (C:\Users\123\Desktop\VNews-SpringBoot\target\classes started by 123 in C:\Users\123\Desktop\VNews-SpringBoot)
[13:55:04:405] [INFO] - org.springframework.boot.SpringApplication.logStartupProfileInfo(SpringApplication.java:593) - No active profile set, falling back to default profiles: default
[13:55:06:593] [INFO] - org.springframework.boot.StartupInfoLogger.logStarted(StartupInfoLogger.java:57) - Started VNewsApplication in 2.421 seconds (JVM running for 3.411)
[13:55:24:266] [INFO] - org.springframework.boot.StartupInfoLogger.logStarting(StartupInfoLogger.java:48) - Starting VNewsApplication on DESKTOP-THKB929 with PID 194000 (C:\Users\123\Desktop\VNews-SpringBoot\target\classes started by 123 in C:\Users\123\Desktop\VNews-SpringBoot)
[13:55:24:282] [INFO] - org.springframework.boot.SpringApplication.logStartupProfileInfo(SpringApplication.java:593) - No active profile set, falling back to default profiles: default
[13:55:26:502] [INFO] - org.springframework.boot.StartupInfoLogger.logStarted(StartupInfoLogger.java:57) - Started VNewsApplication in 2.482 seconds (JVM running for 3.418)
[13:58:17:942] [INFO] - org.springframework.boot.StartupInfoLogger.logStarting(StartupInfoLogger.java:48) - Starting VNewsApplication on DESKTOP-THKB929 with PID 181068 (C:\Users\123\Desktop\VNews-SpringBoot\target\classes started by 123 in C:\Users\123\Desktop\VNews-SpringBoot)
[13:58:17:942] [INFO] - org.springframework.boot.SpringApplication.logStartupProfileInfo(SpringApplication.java:593) - No active profile set, falling back to default profiles: default
[13:58:20:250] [INFO] - org.springframework.boot.StartupInfoLogger.logStarted(StartupInfoLogger.java:57) - Started VNewsApplication in 2.512 seconds (JVM running for 6.876)
[16:51:44:612] [INFO] - org.springframework.boot.StartupInfoLogger.logStarting(StartupInfoLogger.java:48) - Starting VNewsApplication on xuantang-cun with PID 18939 (/home/xuantang/IdeaProjects/VNews-SpringBoot/target/classes started by xuantang in /home/xuantang/IdeaProjects/VNews-SpringBoot)
[16:51:44:615] [INFO] - org.springframework.boot.SpringApplication.logStartupProfileInfo(SpringApplication.java:593) - No active profile set, falling back to default profiles: default
[16:51:46:320] [INFO] - org.springframework.boot.StartupInfoLogger.logStarted(StartupInfoLogger.java:57) - Started VNewsApplication in 2.113 seconds (JVM running for 6.201)
[20:10:00:562] [INFO] - org.springframework.boot.StartupInfoLogger.logStarting(StartupInfoLogger.java:48) - Starting VNewsApplication on xuantang-cun with PID 3744 (/home/xuantang/IdeaProjects/VNews-SpringBoot/target/classes started by xuantang in /home/xuantang/IdeaProjects/VNews-SpringBoot)
[20:10:00:564] [INFO] - org.springframework.boot.SpringApplication.logStartupProfileInfo(SpringApplication.java:593) - No active profile set, falling back to default profiles: default
[20:10:02:360] [INFO] - org.springframework.boot.StartupInfoLogger.logStarted(StartupInfoLogger.java:57) - Started VNewsApplication in 1.928 seconds (JVM running for 6.116)
[21:31:07:748] [INFO] - org.springframework.boot.StartupInfoLogger.logStarting(StartupInfoLogger.java:48) - Starting VNewsApplication on xuantang-cun with PID 10095 (/home/xuantang/IdeaProjects/VNews-SpringBoot/target/classes started by xuantang in /home/xuantang/IdeaProjects/VNews-SpringBoot)
[21:31:07:752] [INFO] - org.springframework.boot.SpringApplication.logStartupProfileInfo(SpringApplication.java:593) - No active profile set, falling back to default profiles: default
[21:31:09:440] [INFO] - org.springframework.boot.StartupInfoLogger.logStarted(StartupInfoLogger.java:57) - Started VNewsApplication in 1.863 seconds (JVM running for 2.454)
[23:42:55:044] [INFO] - org.springframework.boot.StartupInfoLogger.logStarting(StartupInfoLogger.java:48) - Starting VNewsApplication on xuantang-cun with PID 21580 (/home/xuantang/IdeaProjects/VNews-SpringBoot/target/classes started by xuantang in /home/xuantang/IdeaProjects/VNews-SpringBoot)
[23:42:55:048] [INFO] - org.springframework.boot.SpringApplication.logStartupProfileInfo(SpringApplication.java:593) - No active profile set, falling back to default profiles: default
[23:42:57:040] [INFO] - org.springframework.boot.StartupInfoLogger.logStarted(StartupInfoLogger.java:57) - Started VNewsApplication in 2.155 seconds (JVM running for 2.712)
[00:23:10:913] [INFO] - org.springframework.boot.StartupInfoLogger.logStarting(StartupInfoLogger.java:48) - Starting VNewsApplication on xuantang-cun with PID 29140 (/home/xuantang/IdeaProjects/VNews-SpringBoot/target/classes started by xuantang in /home/xuantang/IdeaProjects/VNews-SpringBoot)
[00:23:10:916] [INFO] - org.springframework.boot.SpringApplication.logStartupProfileInfo(SpringApplication.java:593) - No active profile set, falling back to default profiles: default
[00:23:12:633] [INFO] - org.springframework.boot.StartupInfoLogger.logStarted(StartupInfoLogger.java:57) - Started VNewsApplication in 1.88 seconds (JVM running for 2.485)
[07:21:55:759] [INFO] - org.springframework.boot.StartupInfoLogger.logStarting(StartupInfoLogger.java:48) - Starting VNewsApplication on DESKTOP-THKB929 with PID 204364 (C:\Users\123\Desktop\VNews-SpringBoot\target\classes started by 123 in C:\Users\123\Desktop\VNews-SpringBoot)
[07:21:55:775] [INFO] - org.springframework.boot.SpringApplication.logStartupProfileInfo(SpringApplication.java:593) - No active profile set, falling back to default profiles: default
[07:21:58:147] [INFO] - org.springframework.boot.StartupInfoLogger.logStarted(StartupInfoLogger.java:57) - Started VNewsApplication in 2.606 seconds (JVM running for 3.983)
[07:22:21:944] [INFO] - org.springframework.boot.StartupInfoLogger.logStarting(StartupInfoLogger.java:48) - Starting VNewsApplication on DESKTOP-THKB929 with PID 211228 (C:\Users\123\Desktop\VNews-SpringBoot\target\classes started by 123 in C:\Users\123\Desktop\VNews-SpringBoot)
[07:22:21:944] [INFO] - org.springframework.boot.SpringApplication.logStartupProfileInfo(SpringApplication.java:593) - No active profile set, falling back to default profiles: default
[07:22:24:485] [INFO] - org.springframework.boot.StartupInfoLogger.logStarted(StartupInfoLogger.java:57) - Started VNewsApplication in 2.801 seconds (JVM running for 3.839)
[07:26:14:403] [INFO] - org.springframework.boot.StartupInfoLogger.logStarting(StartupInfoLogger.java:48) - Starting VNewsApplication on DESKTOP-THKB929 with PID 205500 (C:\Users\123\Desktop\VNews-SpringBoot\target\classes started by 123 in C:\Users\123\Desktop\VNews-SpringBoot)
[07:26:14:403] [INFO] - org.springframework.boot.SpringApplication.logStartupProfileInfo(SpringApplication.java:593) - No active profile set, falling back to default profiles: default
[07:26:16:752] [INFO] - org.springframework.boot.StartupInfoLogger.logStarted(StartupInfoLogger.java:57) - Started VNewsApplication in 2.574 seconds (JVM running for 3.667)
[07:38:41:813] [INFO] - org.springframework.boot.StartupInfoLogger.logStarting(StartupInfoLogger.java:48) - Starting VNewsApplication on DESKTOP-THKB929 with PID 14032 (C:\Users\123\Desktop\VNews-SpringBoot\target\classes started by 123 in C:\Users\123\Desktop\VNews-SpringBoot)
[07:38:41:828] [INFO] - org.springframework.boot.SpringApplication.logStartupProfileInfo(SpringApplication.java:593) - No active profile set, falling back to default profiles: default
[07:38:44:257] [INFO] - org.springframework.boot.StartupInfoLogger.logStarted(StartupInfoLogger.java:57) - Started VNewsApplication in 2.663 seconds (JVM running for 3.752)
